c:\users\yamashita.shun\desktop\就職作品用\ver一覧\就職作品(ver.0.08)\release\vc140.pdb
c:\users\yamashita.shun\desktop\就職作品用\ver一覧\就職作品(ver.0.08)\release\meshsphere.obj
c:\users\yamashita.shun\desktop\就職作品用\ver一覧\就職作品(ver.0.08)\release\meshfield.obj
c:\users\yamashita.shun\desktop\就職作品用\ver一覧\就職作品(ver.0.08)\release\meshdome.obj
c:\users\yamashita.shun\desktop\就職作品用\ver一覧\就職作品(ver.0.08)\release\meshcube.obj
c:\users\yamashita.shun\desktop\就職作品用\ver一覧\就職作品(ver.0.08)\release\manager.obj
c:\users\yamashita.shun\desktop\就職作品用\ver一覧\就職作品(ver.0.08)\release\main.obj
c:\users\yamashita.shun\desktop\就職作品用\ver一覧\就職作品(ver.0.08)\release\light.obj
c:\users\yamashita.shun\desktop\就職作品用\ver一覧\就職作品(ver.0.08)\release\life.obj
c:\users\yamashita.shun\desktop\就職作品用\ver一覧\就職作品(ver.0.08)\release\keyboard.obj
c:\users\yamashita.shun\desktop\就職作品用\ver一覧\就職作品(ver.0.08)\release\joystick.obj
c:\users\yamashita.shun\desktop\就職作品用\ver一覧\就職作品(ver.0.08)\release\input.obj
c:\users\yamashita.shun\desktop\就職作品用\ver一覧\就職作品(ver.0.08)\release\game.obj
c:\users\yamashita.shun\desktop\就職作品用\ver一覧\就職作品(ver.0.08)\release\fade.obj
c:\users\yamashita.shun\desktop\就職作品用\ver一覧\就職作品(ver.0.08)\release\enemy.obj
c:\users\yamashita.shun\desktop\就職作品用\ver一覧\就職作品(ver.0.08)\release\emitter.obj
c:\users\yamashita.shun\desktop\就職作品用\ver一覧\就職作品(ver.0.08)\release\effekseermanager.obj
c:\users\yamashita.shun\desktop\就職作品用\ver一覧\就職作品(ver.0.08)\release\colision.obj
c:\users\yamashita.shun\desktop\就職作品用\ver一覧\就職作品(ver.0.08)\release\camera.obj
c:\users\yamashita.shun\desktop\就職作品用\ver一覧\就職作品(ver.0.08)\release\bullet.obj
c:\users\yamashita.shun\desktop\就職作品用\ver一覧\就職作品(ver.0.08)\release\animation.obj
c:\users\yamashita.shun\desktop\就職作品用\ver一覧\就職作品(ver.0.08)\release\title.obj
c:\users\yamashita.shun\desktop\就職作品用\ver一覧\就職作品(ver.0.08)\release\texture.obj
c:\users\yamashita.shun\desktop\就職作品用\ver一覧\就職作品(ver.0.08)\release\stageselect2d.obj
c:\users\yamashita.shun\desktop\就職作品用\ver一覧\就職作品(ver.0.08)\release\stageselect.obj
c:\users\yamashita.shun\desktop\就職作品用\ver一覧\就職作品(ver.0.08)\release\sound.obj
c:\users\yamashita.shun\desktop\就職作品用\ver一覧\就職作品(ver.0.08)\release\shadow.obj
c:\users\yamashita.shun\desktop\就職作品用\ver一覧\就職作品(ver.0.08)\release\scenemodelparts.obj
c:\users\yamashita.shun\desktop\就職作品用\ver一覧\就職作品(ver.0.08)\release\scenemodelanim.obj
c:\users\yamashita.shun\desktop\就職作品用\ver一覧\就職作品(ver.0.08)\release\scenemodel.obj
c:\users\yamashita.shun\desktop\就職作品用\ver一覧\就職作品(ver.0.08)\release\scenebg.obj
c:\users\yamashita.shun\desktop\就職作品用\ver一覧\就職作品(ver.0.08)\release\scene3d.obj
c:\users\yamashita.shun\desktop\就職作品用\ver一覧\就職作品(ver.0.08)\release\scene2dl.obj
c:\users\yamashita.shun\desktop\就職作品用\ver一覧\就職作品(ver.0.08)\release\scene2d.obj
c:\users\yamashita.shun\desktop\就職作品用\ver一覧\就職作品(ver.0.08)\release\scene.obj
c:\users\yamashita.shun\desktop\就職作品用\ver一覧\就職作品(ver.0.08)\release\result.obj
c:\users\yamashita.shun\desktop\就職作品用\ver一覧\就職作品(ver.0.08)\release\renderer.obj
c:\users\yamashita.shun\desktop\就職作品用\ver一覧\就職作品(ver.0.08)\release\player.obj
c:\users\yamashita.shun\desktop\就職作品用\ver一覧\就職作品(ver.0.08)\release\particle.obj
c:\users\yamashita.shun\desktop\就職作品用\ver一覧\就職作品(ver.0.08)\release\number.obj
c:\users\yamashita.shun\desktop\就職作品用\ver一覧\就職作品(ver.0.08)\release\meshwall.obj
c:\users\yamashita.shun\desktop\就職作品用\ver一覧\就職作品(ver.0.08)\release\xboxcontroller.obj
c:\users\yamashita.shun\desktop\就職作品用\ver一覧\就職作品(ver.0.08)\release\xact.obj
c:\users\yamashita.shun\desktop\就職作品用\ver一覧\就職作品(ver.0.08)\release\utility.obj
c:\users\yamashita.shun\desktop\就職作品用\ver一覧\就職作品(ver.0.08)\release\ui.obj
c:\users\yamashita.shun\desktop\就職作品用\ver一覧\就職作品(ver.0.08)\release\tutorial.obj
c:\users\yamashita.shun\desktop\就職作品用\ver一覧\就職作品(ver.0.08)\release\tool.obj
c:\users\yamashita.shun\desktop\就職作品(ver.0.08)\release\vc140.pdb
c:\users\yamashita.shun\desktop\就職作品(ver.0.08)\release\meshsphere.obj
c:\users\yamashita.shun\desktop\就職作品(ver.0.08)\release\meshfield.obj
c:\users\yamashita.shun\desktop\就職作品(ver.0.08)\release\meshdome.obj
c:\users\yamashita.shun\desktop\就職作品(ver.0.08)\release\meshcube.obj
c:\users\yamashita.shun\desktop\就職作品(ver.0.08)\release\manager.obj
c:\users\yamashita.shun\desktop\就職作品(ver.0.08)\release\main.obj
c:\users\yamashita.shun\desktop\就職作品(ver.0.08)\release\light.obj
c:\users\yamashita.shun\desktop\就職作品(ver.0.08)\release\life.obj
c:\users\yamashita.shun\desktop\就職作品(ver.0.08)\release\keyboard.obj
c:\users\yamashita.shun\desktop\就職作品(ver.0.08)\release\joystick.obj
c:\users\yamashita.shun\desktop\就職作品(ver.0.08)\release\input.obj
c:\users\yamashita.shun\desktop\就職作品(ver.0.08)\release\game.obj
c:\users\yamashita.shun\desktop\就職作品(ver.0.08)\release\fade.obj
c:\users\yamashita.shun\desktop\就職作品(ver.0.08)\release\enemy.obj
c:\users\yamashita.shun\desktop\就職作品(ver.0.08)\release\emitter.obj
c:\users\yamashita.shun\desktop\就職作品(ver.0.08)\release\effekseermanager.obj
c:\users\yamashita.shun\desktop\就職作品(ver.0.08)\release\colision.obj
c:\users\yamashita.shun\desktop\就職作品(ver.0.08)\release\camera.obj
c:\users\yamashita.shun\desktop\就職作品(ver.0.08)\release\bullet.obj
c:\users\yamashita.shun\desktop\就職作品(ver.0.08)\release\animation.obj
c:\users\yamashita.shun\desktop\就職作品(ver.0.08)\release\title.obj
c:\users\yamashita.shun\desktop\就職作品(ver.0.08)\release\texture.obj
c:\users\yamashita.shun\desktop\就職作品(ver.0.08)\release\stageselect2d.obj
c:\users\yamashita.shun\desktop\就職作品(ver.0.08)\release\stageselect.obj
c:\users\yamashita.shun\desktop\就職作品(ver.0.08)\release\sound.obj
c:\users\yamashita.shun\desktop\就職作品(ver.0.08)\release\shadow.obj
c:\users\yamashita.shun\desktop\就職作品(ver.0.08)\release\scenemodelparts.obj
c:\users\yamashita.shun\desktop\就職作品(ver.0.08)\release\scenemodelanim.obj
c:\users\yamashita.shun\desktop\就職作品(ver.0.08)\release\scenemodel.obj
c:\users\yamashita.shun\desktop\就職作品(ver.0.08)\release\scenebg.obj
c:\users\yamashita.shun\desktop\就職作品(ver.0.08)\release\scene3d.obj
c:\users\yamashita.shun\desktop\就職作品(ver.0.08)\release\scene2dl.obj
c:\users\yamashita.shun\desktop\就職作品(ver.0.08)\release\scene2d.obj
c:\users\yamashita.shun\desktop\就職作品(ver.0.08)\release\scene.obj
c:\users\yamashita.shun\desktop\就職作品(ver.0.08)\release\result.obj
c:\users\yamashita.shun\desktop\就職作品(ver.0.08)\release\renderer.obj
c:\users\yamashita.shun\desktop\就職作品(ver.0.08)\release\player.obj
c:\users\yamashita.shun\desktop\就職作品(ver.0.08)\release\particle.obj
c:\users\yamashita.shun\desktop\就職作品(ver.0.08)\release\number.obj
c:\users\yamashita.shun\desktop\就職作品(ver.0.08)\release\meshwall.obj
c:\users\yamashita.shun\desktop\就職作品(ver.0.08)\release\xboxcontroller.obj
c:\users\yamashita.shun\desktop\就職作品(ver.0.08)\release\xact.obj
c:\users\yamashita.shun\desktop\就職作品(ver.0.08)\release\utility.obj
c:\users\yamashita.shun\desktop\就職作品(ver.0.08)\release\ui.obj
c:\users\yamashita.shun\desktop\就職作品(ver.0.08)\release\tutorial.obj
c:\users\yamashita.shun\desktop\就職作品(ver.0.08)\release\tool.obj
c:\users\yamashita.shun\desktop\就職作品(ver.0.08)\gm31_lessonrelease.exe
c:\users\yamashita.shun\desktop\就職作品(ver.0.08)\gm31_lessonrelease.ipdb
c:\users\yamashita.shun\desktop\就職作品(ver.0.08)\gm31_lessonrelease.iobj
c:\users\yamashita.shun\desktop\就職作品(ver.0.08)\gm31_lessonrelease.pdb
c:\users\yamashita.shun\desktop\就職作品(ver.0.08)\\gm31_lessonrelease.pdb
c:\users\yamashita.shun\desktop\就職作品(ver.0.08)\\gm31_lessonrelease.exe
c:\users\yamashita.shun\desktop\就職作品(ver.0.08)\release\gm31_lesson.tlog\cl.command.1.tlog
c:\users\yamashita.shun\desktop\就職作品(ver.0.08)\release\gm31_lesson.tlog\cl.read.1.tlog
c:\users\yamashita.shun\desktop\就職作品(ver.0.08)\release\gm31_lesson.tlog\cl.write.1.tlog
c:\users\yamashita.shun\desktop\就職作品(ver.0.08)\release\gm31_lesson.tlog\link.command.1.tlog
c:\users\yamashita.shun\desktop\就職作品(ver.0.08)\release\gm31_lesson.tlog\link.read.1.tlog
c:\users\yamashita.shun\desktop\就職作品(ver.0.08)\release\gm31_lesson.tlog\link.write.1.tlog
