c:\users\yamashita.shun\desktop\employmentwork\game\debug\vc140.pdb
c:\users\yamashita.shun\desktop\employmentwork\game\debug\vc140.idb
c:\users\yamashita.shun\desktop\employmentwork\game\debug\scene.obj
c:\users\yamashita.shun\desktop\employmentwork\game\debug\scene2d.obj
c:\users\yamashita.shun\desktop\employmentwork\game\debug\scene2dl.obj
c:\users\yamashita.shun\desktop\employmentwork\game\debug\scene3d.obj
c:\users\yamashita.shun\desktop\employmentwork\game\debug\scenebg.obj
c:\users\yamashita.shun\desktop\employmentwork\game\debug\scenemodel.obj
c:\users\yamashita.shun\desktop\employmentwork\game\debug\scenemodelanim.obj
c:\users\yamashita.shun\desktop\employmentwork\game\debug\scenemodelparts.obj
c:\users\yamashita.shun\desktop\employmentwork\game\debug\shadow.obj
c:\users\yamashita.shun\desktop\employmentwork\game\debug\sound.obj
c:\users\yamashita.shun\desktop\employmentwork\game\debug\stageselect.obj
c:\users\yamashita.shun\desktop\employmentwork\game\debug\stageselect2d.obj
c:\users\yamashita.shun\desktop\employmentwork\game\debug\texture.obj
c:\users\yamashita.shun\desktop\employmentwork\game\debug\title.obj
c:\users\yamashita.shun\desktop\employmentwork\game\debug\tool.obj
c:\users\yamashita.shun\desktop\employmentwork\game\debug\tutorial.obj
c:\users\yamashita.shun\desktop\employmentwork\game\debug\ui.obj
c:\users\yamashita.shun\desktop\employmentwork\game\debug\utility.obj
c:\users\yamashita.shun\desktop\employmentwork\game\debug\xact.obj
c:\users\yamashita.shun\desktop\employmentwork\game\debug\xboxcontroller.obj
c:\users\yamashita.shun\desktop\employmentwork\game\debug\enemy.obj
c:\users\yamashita.shun\desktop\employmentwork\game\debug\fade.obj
c:\users\yamashita.shun\desktop\employmentwork\game\debug\game.obj
c:\users\yamashita.shun\desktop\employmentwork\game\debug\input.obj
c:\users\yamashita.shun\desktop\employmentwork\game\debug\joystick.obj
c:\users\yamashita.shun\desktop\employmentwork\game\debug\keyboard.obj
c:\users\yamashita.shun\desktop\employmentwork\game\debug\life.obj
c:\users\yamashita.shun\desktop\employmentwork\game\debug\light.obj
c:\users\yamashita.shun\desktop\employmentwork\game\debug\main.obj
c:\users\yamashita.shun\desktop\employmentwork\game\debug\meshcube.obj
c:\users\yamashita.shun\desktop\employmentwork\game\debug\meshdome.obj
c:\users\yamashita.shun\desktop\employmentwork\game\debug\meshfield.obj
c:\users\yamashita.shun\desktop\employmentwork\game\debug\meshsphere.obj
c:\users\yamashita.shun\desktop\employmentwork\game\debug\meshwall.obj
c:\users\yamashita.shun\desktop\employmentwork\game\debug\number.obj
c:\users\yamashita.shun\desktop\employmentwork\game\debug\particle.obj
c:\users\yamashita.shun\desktop\employmentwork\game\debug\result.obj
c:\users\yamashita.shun\desktop\employmentwork\game\debug\animation.obj
c:\users\yamashita.shun\desktop\employmentwork\game\debug\bullet.obj
c:\users\yamashita.shun\desktop\employmentwork\game\debug\camera.obj
c:\users\yamashita.shun\desktop\employmentwork\game\debug\colision.obj
c:\users\yamashita.shun\desktop\employmentwork\game\debug\emitter.obj
c:\users\yamashita.shun\desktop\employmentwork\game\debug\effekseermanager.obj
c:\users\yamashita.shun\desktop\employmentwork\game\debug\manager.obj
c:\users\yamashita.shun\desktop\employmentwork\game\debug\player.obj
c:\users\yamashita.shun\desktop\employmentwork\game\debug\renderer.obj
c:\users\yamashita.shun\desktop\employmentwork\game\debug\vector2d.obj
c:\users\yamashita.shun\desktop\employmentwork\game\debug\vector3d.obj
c:\users\yamashita.shun\desktop\employmentwork\game\debug\vector4d.obj
c:\users\yamashita.shun\desktop\employmentwork\game\debug\scenefbx.obj
c:\users\yamashita.shun\desktop\employmentwork\game\debug\field.obj
c:\users\yamashita.shun\desktop\employmentwork\game\debug\hitfield.obj
c:\users\yamashita.shun\desktop\employmentwork\game\debug\brave.obj
c:\users\yamashita.shun\desktop\employmentwork\game\debug\teamlogo.obj
c:\users\yamashita.shun\desktop\employmentwork\game\debug\titlepress.obj
c:\users\yamashita.shun\desktop\game\debug\vc140.pdb
c:\users\yamashita.shun\desktop\game\debug\vc140.idb
c:\users\yamashita.shun\desktop\game\debug\scenemodel.obj
c:\users\yamashita.shun\desktop\game\debug\scenemodelanim.obj
c:\users\yamashita.shun\desktop\game\debug\scenemodelparts.obj
c:\users\yamashita.shun\desktop\game\debug\shadow.obj
c:\users\yamashita.shun\desktop\game\debug\sound.obj
c:\users\yamashita.shun\desktop\game\debug\stageselect.obj
c:\users\yamashita.shun\desktop\game\debug\stageselect2d.obj
c:\users\yamashita.shun\desktop\game\debug\teamlogo.obj
c:\users\yamashita.shun\desktop\game\debug\texture.obj
c:\users\yamashita.shun\desktop\game\debug\title.obj
c:\users\yamashita.shun\desktop\game\debug\titlepress.obj
c:\users\yamashita.shun\desktop\game\debug\tool.obj
c:\users\yamashita.shun\desktop\game\debug\tutorial.obj
c:\users\yamashita.shun\desktop\game\debug\ui.obj
c:\users\yamashita.shun\desktop\game\debug\utility.obj
c:\users\yamashita.shun\desktop\game\debug\vector2d.obj
c:\users\yamashita.shun\desktop\game\debug\vector3d.obj
c:\users\yamashita.shun\desktop\game\debug\vector4d.obj
c:\users\yamashita.shun\desktop\game\debug\xact.obj
c:\users\yamashita.shun\desktop\game\debug\xboxcontroller.obj
c:\users\yamashita.shun\desktop\game\debug\life.obj
c:\users\yamashita.shun\desktop\game\debug\light.obj
c:\users\yamashita.shun\desktop\game\debug\main.obj
c:\users\yamashita.shun\desktop\game\debug\manager.obj
c:\users\yamashita.shun\desktop\game\debug\meshcube.obj
c:\users\yamashita.shun\desktop\game\debug\meshdome.obj
c:\users\yamashita.shun\desktop\game\debug\meshfield.obj
c:\users\yamashita.shun\desktop\game\debug\meshsphere.obj
c:\users\yamashita.shun\desktop\game\debug\meshwall.obj
c:\users\yamashita.shun\desktop\game\debug\number.obj
c:\users\yamashita.shun\desktop\game\debug\particle.obj
c:\users\yamashita.shun\desktop\game\debug\player.obj
c:\users\yamashita.shun\desktop\game\debug\renderer.obj
c:\users\yamashita.shun\desktop\game\debug\result.obj
c:\users\yamashita.shun\desktop\game\debug\scene.obj
c:\users\yamashita.shun\desktop\game\debug\scene2d.obj
c:\users\yamashita.shun\desktop\game\debug\scene2dl.obj
c:\users\yamashita.shun\desktop\game\debug\scene3d.obj
c:\users\yamashita.shun\desktop\game\debug\scenebg.obj
c:\users\yamashita.shun\desktop\game\debug\scenefbx.obj
c:\users\yamashita.shun\desktop\game\debug\animation.obj
c:\users\yamashita.shun\desktop\game\debug\brave.obj
c:\users\yamashita.shun\desktop\game\debug\bullet.obj
c:\users\yamashita.shun\desktop\game\debug\camera.obj
c:\users\yamashita.shun\desktop\game\debug\colision.obj
c:\users\yamashita.shun\desktop\game\debug\effekseermanager.obj
c:\users\yamashita.shun\desktop\game\debug\emitter.obj
c:\users\yamashita.shun\desktop\game\debug\enemy.obj
c:\users\yamashita.shun\desktop\game\debug\fade.obj
c:\users\yamashita.shun\desktop\game\debug\field.obj
c:\users\yamashita.shun\desktop\game\debug\game.obj
c:\users\yamashita.shun\desktop\game\debug\hitfield.obj
c:\users\yamashita.shun\desktop\game\debug\imgui.obj
c:\users\yamashita.shun\desktop\game\debug\imgui_demo.obj
c:\users\yamashita.shun\desktop\game\debug\imgui_draw.obj
c:\users\yamashita.shun\desktop\game\debug\input.obj
c:\users\yamashita.shun\desktop\game\debug\joystick.obj
c:\users\yamashita.shun\desktop\game\debug\keyboard.obj
c:\users\yamashita.shun\desktop\game\debug\imgui_impl_dx9.obj
c:\users\yamashita.shun\desktop\game\debug\stateanimator.obj
c:\users\yamashita.shun\desktop\employmentwork\game\gm31_lessondebug.ilk
c:\users\yamashita.shun\desktop\employmentwork\game\gm31_lessondebug.exe
c:\users\yamashita.shun\desktop\employmentwork\game\gm31_lessondebug.pdb
c:\users\yamashita.shun\desktop\game\gm31_lessondebug.ilk
c:\users\yamashita.shun\desktop\game\gm31_lessondebug.exe
c:\users\yamashita.shun\desktop\game\gm31_lessondebug.pdb
c:\users\yamashita.shun\desktop\game\\gm31_lessondebug.pdb
c:\users\yamashita.shun\desktop\game\\gm31_lessondebug.exe
c:\users\yamashita.shun\desktop\game\\gm31_lessondebug.ilk
c:\users\yamashita.shun\desktop\game\debug\gm31_lesson.tlog\cl.command.1.tlog
c:\users\yamashita.shun\desktop\game\debug\gm31_lesson.tlog\cl.read.1.tlog
c:\users\yamashita.shun\desktop\game\debug\gm31_lesson.tlog\cl.write.1.tlog
c:\users\yamashita.shun\desktop\game\debug\gm31_lesson.tlog\link.command.1.tlog
c:\users\yamashita.shun\desktop\game\debug\gm31_lesson.tlog\link.read.1.tlog
c:\users\yamashita.shun\desktop\game\debug\gm31_lesson.tlog\link.write.1.tlog
